<?xml version="1.0" encoding="UTF-8"?>
<!-- Generated by org.testng.reporters.JUnitReportReporter -->
<testsuite hostname="Xus-MacBook-Air.fios-router.home" failures="0" tests="1" name="apiTest.FirstTest" time="3.709" errors="0" timestamp="2022-08-22T22:08:55 EDT" skipped="0">
  <testcase classname="apiTest.FirstTest" name="addExperience" time="3.709"/>
  <system-out/>
</testsuite> <!-- apiTest.FirstTest -->
